  [1m[36m (61.8ms)[0m  [1mCREATE TABLE `schema_migrations` (`version` varchar(255) NOT NULL) ENGINE=InnoDB[0m
  [1m[35m (159.0ms)[0m  CREATE UNIQUE INDEX `unique_schema_migrations`  ON `schema_migrations` (`version`) 
  [1m[36mActiveRecord::SchemaMigration Load (0.1ms)[0m  [1mSELECT `schema_migrations`.* FROM `schema_migrations`[0m
Migrating to DeviseCreateUsers (20150831224313)
  [1m[35m (141.0ms)[0m  CREATE TABLE `users` (`id` int(11) auto_increment PRIMARY KEY, `email` varchar(255) DEFAULT '' NOT NULL, `encrypted_password` varchar(255) DEFAULT '' NOT NULL, `reset_password_token` varchar(255), `reset_password_sent_at` datetime, `remember_created_at` datetime, `sign_in_count` int(11) DEFAULT 0 NOT NULL, `current_sign_in_at` datetime, `last_sign_in_at` datetime, `current_sign_in_ip` varchar(255), `last_sign_in_ip` varchar(255), `created_at` datetime NOT NULL, `updated_at` datetime NOT NULL) ENGINE=InnoDB
  [1m[36m (140.8ms)[0m  [1mCREATE UNIQUE INDEX `index_users_on_email`  ON `users` (`email`) [0m
  [1m[35m (124.4ms)[0m  CREATE UNIQUE INDEX `index_users_on_reset_password_token`  ON `users` (`reset_password_token`) 
  [1m[36m (0.2ms)[0m  [1mBEGIN[0m
  [1m[35mSQL (0.3ms)[0m  INSERT INTO `schema_migrations` (`version`) VALUES ('20150831224313')
  [1m[36m (3.8ms)[0m  [1mCOMMIT[0m
Migrating to CreateProjects (20151120011125)
  [1m[35m (398.5ms)[0m  CREATE TABLE `projects` (`id` int(11) auto_increment PRIMARY KEY, `name` varchar(255), `description` text, `created_at` datetime, `updated_at` datetime) ENGINE=InnoDB
  [1m[36m (0.1ms)[0m  [1mBEGIN[0m
  [1m[35mSQL (0.2ms)[0m  INSERT INTO `schema_migrations` (`version`) VALUES ('20151120011125')
  [1m[36m (0.6ms)[0m  [1mCOMMIT[0m
Migrating to CreateSprints (20151120011341)
  [1m[35m (97.0ms)[0m  CREATE TABLE `sprints` (`id` int(11) auto_increment PRIMARY KEY, `project_id` int(11), `created_at` datetime, `updated_at` datetime) ENGINE=InnoDB
  [1m[36m (0.1ms)[0m  [1mBEGIN[0m
  [1m[35mSQL (0.2ms)[0m  INSERT INTO `schema_migrations` (`version`) VALUES ('20151120011341')
  [1m[36m (0.3ms)[0m  [1mCOMMIT[0m
Migrating to CreateRatings (20151120012052)
  [1m[35m (97.7ms)[0m  CREATE TABLE `ratings` (`id` int(11) auto_increment PRIMARY KEY, `point` int(11), `role` int(11), `comment` text, `sprint_id` int(11), `created_at` datetime, `updated_at` datetime) ENGINE=InnoDB
  [1m[36m (0.1ms)[0m  [1mBEGIN[0m
  [1m[35mSQL (0.1ms)[0m  INSERT INTO `schema_migrations` (`version`) VALUES ('20151120012052')
  [1m[36m (0.3ms)[0m  [1mCOMMIT[0m
Migrating to CreateTokens (20151120012524)
  [1m[35m (89.4ms)[0m  CREATE TABLE `tokens` (`id` int(11) auto_increment PRIMARY KEY, `value` int(11), `sprint_id` int(11), `created_at` datetime, `updated_at` datetime) ENGINE=InnoDB
  [1m[36m (0.1ms)[0m  [1mBEGIN[0m
  [1m[35mSQL (0.1ms)[0m  INSERT INTO `schema_migrations` (`version`) VALUES ('20151120012524')
  [1m[36m (0.3ms)[0m  [1mCOMMIT[0m
Migrating to AddUserIdToProjects (20151120022748)
  [1m[35m (138.9ms)[0m  ALTER TABLE `projects` ADD `user_id` int(11)
  [1m[36m (0.1ms)[0m  [1mBEGIN[0m
  [1m[35mSQL (0.2ms)[0m  INSERT INTO `schema_migrations` (`version`) VALUES ('20151120022748')
  [1m[36m (0.4ms)[0m  [1mCOMMIT[0m
Migrating to AddTokenToSprint (20151124085623)
  [1m[35m (141.1ms)[0m  ALTER TABLE `sprints` ADD `token` varchar(255)
  [1m[36m (0.1ms)[0m  [1mBEGIN[0m
  [1m[35mSQL (0.1ms)[0m  INSERT INTO `schema_migrations` (`version`) VALUES ('20151124085623')
  [1m[36m (0.4ms)[0m  [1mCOMMIT[0m
Migrating to AddVotesToSprint (20151124090000)
  [1m[35m (156.4ms)[0m  ALTER TABLE `sprints` ADD `votes` int(11)
  [1m[36m (0.1ms)[0m  [1mBEGIN[0m
  [1m[35mSQL (0.1ms)[0m  INSERT INTO `schema_migrations` (`version`) VALUES ('20151124090000')
  [1m[36m (0.3ms)[0m  [1mCOMMIT[0m
  [1m[35mActiveRecord::SchemaMigration Load (0.2ms)[0m  SELECT `schema_migrations`.* FROM `schema_migrations`
DEPRECATION WARNING: You didn't set `secret_key_base`. Read the upgrade documentation to learn more about this new config option. (called from require at script/rails:6)


Started GET "/" for 127.0.0.1 at 2015-12-04 11:30:16 +1300
Processing by StaticPagesController#home as HTML
  Rendered shared/_search.html.haml (1.8ms)
  Rendered static_pages/home.html.haml within layouts/application (79.8ms)
  Rendered shared/_head.html.haml (2956.2ms)
  Rendered shared/_menu.html.haml (3.8ms)
  Rendered shared/_header.html.haml (5.7ms)
  Rendered shared/_footer.html.haml (642.3ms)
Completed 200 OK in 3722ms (Views: 3720.3ms | ActiveRecord: 0.0ms)


Started GET "/javascripts/vendor/custom.modernizr.js" for 127.0.0.1 at 2015-12-04 11:30:21 +1300

ActionController::RoutingError (No route matches [GET] "/javascripts/vendor/custom.modernizr.js"):
  actionpack (4.1.14) lib/action_dispatch/middleware/debug_exceptions.rb:21:in `call'
  actionpack (4.1.14) lib/action_dispatch/middleware/show_exceptions.rb:30:in `call'
  railties (4.1.14) lib/rails/rack/logger.rb:38:in `call_app'
  railties (4.1.14) lib/rails/rack/logger.rb:20:in `block in call'
  activesupport (4.1.14) lib/active_support/tagged_logging.rb:68:in `block in tagged'
  activesupport (4.1.14) lib/active_support/tagged_logging.rb:26:in `tagged'
  activesupport (4.1.14) lib/active_support/tagged_logging.rb:68:in `tagged'
  railties (4.1.14) lib/rails/rack/logger.rb:20:in `call'
  quiet_assets (1.1.0) lib/quiet_assets.rb:27:in `call_with_quiet_assets'
  actionpack (4.1.14) lib/action_dispatch/middleware/request_id.rb:21:in `call'
  rack (1.5.5) lib/rack/methodoverride.rb:21:in `call'
  rack (1.5.5) lib/rack/runtime.rb:17:in `call'
  activesupport (4.1.14) lib/active_support/cache/strategy/local_cache_middleware.rb:26:in `call'
  rack (1.5.5) lib/rack/lock.rb:17:in `call'
  actionpack (4.1.14) lib/action_dispatch/middleware/static.rb:84:in `call'
  rack (1.5.5) lib/rack/sendfile.rb:112:in `call'
  railties (4.1.14) lib/rails/engine.rb:514:in `call'
  railties (4.1.14) lib/rails/application.rb:144:in `call'
  rack (1.5.5) lib/rack/content_length.rb:14:in `call'
  thin (1.6.4) lib/thin/connection.rb:86:in `block in pre_process'
  thin (1.6.4) lib/thin/connection.rb:84:in `catch'
  thin (1.6.4) lib/thin/connection.rb:84:in `pre_process'
  thin (1.6.4) lib/thin/connection.rb:53:in `process'
  thin (1.6.4) lib/thin/connection.rb:39:in `receive_data'
  eventmachine (1.0.8) lib/eventmachine.rb:193:in `run_machine'
  eventmachine (1.0.8) lib/eventmachine.rb:193:in `run'
  thin (1.6.4) lib/thin/backends/base.rb:73:in `start'
  thin (1.6.4) lib/thin/server.rb:162:in `start'
  rack (1.5.5) lib/rack/handler/thin.rb:16:in `run'
  rack (1.5.5) lib/rack/server.rb:264:in `start'
  railties (4.1.14) lib/rails/commands/server.rb:69:in `start'
  railties (4.1.14) lib/rails/commands/commands_tasks.rb:81:in `block in server'
  railties (4.1.14) lib/rails/commands/commands_tasks.rb:76:in `tap'
  railties (4.1.14) lib/rails/commands/commands_tasks.rb:76:in `server'
  railties (4.1.14) lib/rails/commands/commands_tasks.rb:40:in `run_command!'
  railties (4.1.14) lib/rails/commands.rb:17:in `<top (required)>'
  script/rails:6:in `require'
  script/rails:6:in `<main>'


  Rendered /Users/jeffery/.rbenv/versions/2.1.2/lib/ruby/gems/2.1.0/gems/actionpack-4.1.14/lib/action_dispatch/middleware/templates/rescues/_trace.html.erb (1.3ms)
  Rendered /Users/jeffery/.rbenv/versions/2.1.2/lib/ruby/gems/2.1.0/gems/actionpack-4.1.14/lib/action_dispatch/middleware/templates/routes/_route.html.erb (4.2ms)
  Rendered /Users/jeffery/.rbenv/versions/2.1.2/lib/ruby/gems/2.1.0/gems/actionpack-4.1.14/lib/action_dispatch/middleware/templates/routes/_table.html.erb (16.2ms)
  Rendered /Users/jeffery/.rbenv/versions/2.1.2/lib/ruby/gems/2.1.0/gems/actionpack-4.1.14/lib/action_dispatch/middleware/templates/rescues/routing_error.html.erb within rescues/layout (81.2ms)


Started GET "/" for 127.0.0.1 at 2015-12-04 11:57:02 +1300
Processing by StaticPagesController#home as HTML
  Rendered shared/_search.html.haml (1.1ms)
  Rendered static_pages/home.html.haml within layouts/application (3.1ms)
  Rendered shared/_head.html.haml (12.3ms)
  Rendered shared/_menu.html.haml (0.5ms)
  Rendered shared/_header.html.haml (1.3ms)
  Rendered shared/_footer.html.haml (129.3ms)
Completed 200 OK in 153ms (Views: 152.7ms | ActiveRecord: 0.0ms)


Started GET "/javascripts/vendor/custom.modernizr.js" for 127.0.0.1 at 2015-12-04 11:57:02 +1300

ActionController::RoutingError (No route matches [GET] "/javascripts/vendor/custom.modernizr.js"):
  actionpack (4.1.14) lib/action_dispatch/middleware/debug_exceptions.rb:21:in `call'
  actionpack (4.1.14) lib/action_dispatch/middleware/show_exceptions.rb:30:in `call'
  railties (4.1.14) lib/rails/rack/logger.rb:38:in `call_app'
  railties (4.1.14) lib/rails/rack/logger.rb:20:in `block in call'
  activesupport (4.1.14) lib/active_support/tagged_logging.rb:68:in `block in tagged'
  activesupport (4.1.14) lib/active_support/tagged_logging.rb:26:in `tagged'
  activesupport (4.1.14) lib/active_support/tagged_logging.rb:68:in `tagged'
  railties (4.1.14) lib/rails/rack/logger.rb:20:in `call'
  quiet_assets (1.1.0) lib/quiet_assets.rb:27:in `call_with_quiet_assets'
  actionpack (4.1.14) lib/action_dispatch/middleware/request_id.rb:21:in `call'
  rack (1.5.5) lib/rack/methodoverride.rb:21:in `call'
  rack (1.5.5) lib/rack/runtime.rb:17:in `call'
  activesupport (4.1.14) lib/active_support/cache/strategy/local_cache_middleware.rb:26:in `call'
  rack (1.5.5) lib/rack/lock.rb:17:in `call'
  actionpack (4.1.14) lib/action_dispatch/middleware/static.rb:84:in `call'
  rack (1.5.5) lib/rack/sendfile.rb:112:in `call'
  railties (4.1.14) lib/rails/engine.rb:514:in `call'
  railties (4.1.14) lib/rails/application.rb:144:in `call'
  rack (1.5.5) lib/rack/content_length.rb:14:in `call'
  thin (1.6.4) lib/thin/connection.rb:86:in `block in pre_process'
  thin (1.6.4) lib/thin/connection.rb:84:in `catch'
  thin (1.6.4) lib/thin/connection.rb:84:in `pre_process'
  thin (1.6.4) lib/thin/connection.rb:53:in `process'
  thin (1.6.4) lib/thin/connection.rb:39:in `receive_data'
  eventmachine (1.0.8) lib/eventmachine.rb:193:in `run_machine'
  eventmachine (1.0.8) lib/eventmachine.rb:193:in `run'
  thin (1.6.4) lib/thin/backends/base.rb:73:in `start'
  thin (1.6.4) lib/thin/server.rb:162:in `start'
  rack (1.5.5) lib/rack/handler/thin.rb:16:in `run'
  rack (1.5.5) lib/rack/server.rb:264:in `start'
  railties (4.1.14) lib/rails/commands/server.rb:69:in `start'
  railties (4.1.14) lib/rails/commands/commands_tasks.rb:81:in `block in server'
  railties (4.1.14) lib/rails/commands/commands_tasks.rb:76:in `tap'
  railties (4.1.14) lib/rails/commands/commands_tasks.rb:76:in `server'
  railties (4.1.14) lib/rails/commands/commands_tasks.rb:40:in `run_command!'
  railties (4.1.14) lib/rails/commands.rb:17:in `<top (required)>'
  script/rails:6:in `require'
  script/rails:6:in `<main>'


  Rendered /Users/jeffery/.rbenv/versions/2.1.2/lib/ruby/gems/2.1.0/gems/actionpack-4.1.14/lib/action_dispatch/middleware/templates/rescues/_trace.html.erb (0.8ms)
  Rendered /Users/jeffery/.rbenv/versions/2.1.2/lib/ruby/gems/2.1.0/gems/actionpack-4.1.14/lib/action_dispatch/middleware/templates/routes/_route.html.erb (2.9ms)
  Rendered /Users/jeffery/.rbenv/versions/2.1.2/lib/ruby/gems/2.1.0/gems/actionpack-4.1.14/lib/action_dispatch/middleware/templates/routes/_table.html.erb (1.1ms)
  Rendered /Users/jeffery/.rbenv/versions/2.1.2/lib/ruby/gems/2.1.0/gems/actionpack-4.1.14/lib/action_dispatch/middleware/templates/rescues/routing_error.html.erb within rescues/layout (47.4ms)


Started GET "/" for 127.0.0.1 at 2015-12-04 11:57:45 +1300
Processing by StaticPagesController#home as HTML
  Rendered shared/_search.html.haml (0.5ms)
  Rendered static_pages/home.html.haml within layouts/application (1.3ms)
  Rendered shared/_head.html.haml (10.8ms)
  Rendered shared/_menu.html.haml (0.5ms)
  Rendered shared/_header.html.haml (1.1ms)
  Rendered shared/_footer.html.haml (140.1ms)
Completed 200 OK in 158ms (Views: 156.9ms | ActiveRecord: 0.0ms)


Started GET "/javascripts/vendor/custom.modernizr.js" for 127.0.0.1 at 2015-12-04 11:57:45 +1300

ActionController::RoutingError (No route matches [GET] "/javascripts/vendor/custom.modernizr.js"):
  actionpack (4.1.14) lib/action_dispatch/middleware/debug_exceptions.rb:21:in `call'
  actionpack (4.1.14) lib/action_dispatch/middleware/show_exceptions.rb:30:in `call'
  railties (4.1.14) lib/rails/rack/logger.rb:38:in `call_app'
  railties (4.1.14) lib/rails/rack/logger.rb:20:in `block in call'
  activesupport (4.1.14) lib/active_support/tagged_logging.rb:68:in `block in tagged'
  activesupport (4.1.14) lib/active_support/tagged_logging.rb:26:in `tagged'
  activesupport (4.1.14) lib/active_support/tagged_logging.rb:68:in `tagged'
  railties (4.1.14) lib/rails/rack/logger.rb:20:in `call'
  quiet_assets (1.1.0) lib/quiet_assets.rb:27:in `call_with_quiet_assets'
  actionpack (4.1.14) lib/action_dispatch/middleware/request_id.rb:21:in `call'
  rack (1.5.5) lib/rack/methodoverride.rb:21:in `call'
  rack (1.5.5) lib/rack/runtime.rb:17:in `call'
  activesupport (4.1.14) lib/active_support/cache/strategy/local_cache_middleware.rb:26:in `call'
  rack (1.5.5) lib/rack/lock.rb:17:in `call'
  actionpack (4.1.14) lib/action_dispatch/middleware/static.rb:84:in `call'
  rack (1.5.5) lib/rack/sendfile.rb:112:in `call'
  railties (4.1.14) lib/rails/engine.rb:514:in `call'
  railties (4.1.14) lib/rails/application.rb:144:in `call'
  rack (1.5.5) lib/rack/content_length.rb:14:in `call'
  thin (1.6.4) lib/thin/connection.rb:86:in `block in pre_process'
  thin (1.6.4) lib/thin/connection.rb:84:in `catch'
  thin (1.6.4) lib/thin/connection.rb:84:in `pre_process'
  thin (1.6.4) lib/thin/connection.rb:53:in `process'
  thin (1.6.4) lib/thin/connection.rb:39:in `receive_data'
  eventmachine (1.0.8) lib/eventmachine.rb:193:in `run_machine'
  eventmachine (1.0.8) lib/eventmachine.rb:193:in `run'
  thin (1.6.4) lib/thin/backends/base.rb:73:in `start'
  thin (1.6.4) lib/thin/server.rb:162:in `start'
  rack (1.5.5) lib/rack/handler/thin.rb:16:in `run'
  rack (1.5.5) lib/rack/server.rb:264:in `start'
  railties (4.1.14) lib/rails/commands/server.rb:69:in `start'
  railties (4.1.14) lib/rails/commands/commands_tasks.rb:81:in `block in server'
  railties (4.1.14) lib/rails/commands/commands_tasks.rb:76:in `tap'
  railties (4.1.14) lib/rails/commands/commands_tasks.rb:76:in `server'
  railties (4.1.14) lib/rails/commands/commands_tasks.rb:40:in `run_command!'
  railties (4.1.14) lib/rails/commands.rb:17:in `<top (required)>'
  script/rails:6:in `require'
  script/rails:6:in `<main>'


  Rendered /Users/jeffery/.rbenv/versions/2.1.2/lib/ruby/gems/2.1.0/gems/actionpack-4.1.14/lib/action_dispatch/middleware/templates/rescues/_trace.html.erb (0.9ms)
  Rendered /Users/jeffery/.rbenv/versions/2.1.2/lib/ruby/gems/2.1.0/gems/actionpack-4.1.14/lib/action_dispatch/middleware/templates/routes/_route.html.erb (2.5ms)
  Rendered /Users/jeffery/.rbenv/versions/2.1.2/lib/ruby/gems/2.1.0/gems/actionpack-4.1.14/lib/action_dispatch/middleware/templates/routes/_table.html.erb (1.0ms)
  Rendered /Users/jeffery/.rbenv/versions/2.1.2/lib/ruby/gems/2.1.0/gems/actionpack-4.1.14/lib/action_dispatch/middleware/templates/rescues/routing_error.html.erb within rescues/layout (41.1ms)


Started GET "/" for 127.0.0.1 at 2015-12-04 12:00:41 +1300
Processing by StaticPagesController#home as HTML
  Rendered shared/_search.html.haml (0.5ms)
  Rendered static_pages/home.html.haml within layouts/application (1.1ms)
  Rendered shared/_head.html.haml (31.8ms)
  Rendered shared/_menu.html.haml (0.5ms)
  Rendered shared/_header.html.haml (1.0ms)
  Rendered shared/_footer.html.haml (6.2ms)
Completed 200 OK in 44ms (Views: 43.4ms | ActiveRecord: 0.0ms)


Started GET "/javascripts/custom.modernizr.js" for 127.0.0.1 at 2015-12-04 12:00:41 +1300

ActionController::RoutingError (No route matches [GET] "/javascripts/custom.modernizr.js"):
  actionpack (4.1.14) lib/action_dispatch/middleware/debug_exceptions.rb:21:in `call'
  actionpack (4.1.14) lib/action_dispatch/middleware/show_exceptions.rb:30:in `call'
  railties (4.1.14) lib/rails/rack/logger.rb:38:in `call_app'
  railties (4.1.14) lib/rails/rack/logger.rb:20:in `block in call'
  activesupport (4.1.14) lib/active_support/tagged_logging.rb:68:in `block in tagged'
  activesupport (4.1.14) lib/active_support/tagged_logging.rb:26:in `tagged'
  activesupport (4.1.14) lib/active_support/tagged_logging.rb:68:in `tagged'
  railties (4.1.14) lib/rails/rack/logger.rb:20:in `call'
  quiet_assets (1.1.0) lib/quiet_assets.rb:27:in `call_with_quiet_assets'
  actionpack (4.1.14) lib/action_dispatch/middleware/request_id.rb:21:in `call'
  rack (1.5.5) lib/rack/methodoverride.rb:21:in `call'
  rack (1.5.5) lib/rack/runtime.rb:17:in `call'
  activesupport (4.1.14) lib/active_support/cache/strategy/local_cache_middleware.rb:26:in `call'
  rack (1.5.5) lib/rack/lock.rb:17:in `call'
  actionpack (4.1.14) lib/action_dispatch/middleware/static.rb:84:in `call'
  rack (1.5.5) lib/rack/sendfile.rb:112:in `call'
  railties (4.1.14) lib/rails/engine.rb:514:in `call'
  railties (4.1.14) lib/rails/application.rb:144:in `call'
  rack (1.5.5) lib/rack/content_length.rb:14:in `call'
  thin (1.6.4) lib/thin/connection.rb:86:in `block in pre_process'
  thin (1.6.4) lib/thin/connection.rb:84:in `catch'
  thin (1.6.4) lib/thin/connection.rb:84:in `pre_process'
  thin (1.6.4) lib/thin/connection.rb:53:in `process'
  thin (1.6.4) lib/thin/connection.rb:39:in `receive_data'
  eventmachine (1.0.8) lib/eventmachine.rb:193:in `run_machine'
  eventmachine (1.0.8) lib/eventmachine.rb:193:in `run'
  thin (1.6.4) lib/thin/backends/base.rb:73:in `start'
  thin (1.6.4) lib/thin/server.rb:162:in `start'
  rack (1.5.5) lib/rack/handler/thin.rb:16:in `run'
  rack (1.5.5) lib/rack/server.rb:264:in `start'
  railties (4.1.14) lib/rails/commands/server.rb:69:in `start'
  railties (4.1.14) lib/rails/commands/commands_tasks.rb:81:in `block in server'
  railties (4.1.14) lib/rails/commands/commands_tasks.rb:76:in `tap'
  railties (4.1.14) lib/rails/commands/commands_tasks.rb:76:in `server'
  railties (4.1.14) lib/rails/commands/commands_tasks.rb:40:in `run_command!'
  railties (4.1.14) lib/rails/commands.rb:17:in `<top (required)>'
  script/rails:6:in `require'
  script/rails:6:in `<main>'


  Rendered /Users/jeffery/.rbenv/versions/2.1.2/lib/ruby/gems/2.1.0/gems/actionpack-4.1.14/lib/action_dispatch/middleware/templates/rescues/_trace.html.erb (0.9ms)
  Rendered /Users/jeffery/.rbenv/versions/2.1.2/lib/ruby/gems/2.1.0/gems/actionpack-4.1.14/lib/action_dispatch/middleware/templates/routes/_route.html.erb (3.3ms)
  Rendered /Users/jeffery/.rbenv/versions/2.1.2/lib/ruby/gems/2.1.0/gems/actionpack-4.1.14/lib/action_dispatch/middleware/templates/routes/_table.html.erb (1.0ms)
  Rendered /Users/jeffery/.rbenv/versions/2.1.2/lib/ruby/gems/2.1.0/gems/actionpack-4.1.14/lib/action_dispatch/middleware/templates/rescues/routing_error.html.erb within rescues/layout (44.6ms)


Started GET "/" for 127.0.0.1 at 2015-12-04 12:01:45 +1300
Processing by StaticPagesController#home as HTML
  Rendered shared/_search.html.haml (0.5ms)
  Rendered static_pages/home.html.haml within layouts/application (1.2ms)
  Rendered shared/_head.html.haml (6.2ms)
  Rendered shared/_menu.html.haml (0.6ms)
  Rendered shared/_header.html.haml (1.1ms)
  Rendered shared/_footer.html.haml (6.5ms)
Completed 200 OK in 19ms (Views: 18.5ms | ActiveRecord: 0.0ms)


Started GET "/custom.modernizr.js" for 127.0.0.1 at 2015-12-04 12:01:45 +1300

ActionController::RoutingError (No route matches [GET] "/custom.modernizr.js"):
  actionpack (4.1.14) lib/action_dispatch/middleware/debug_exceptions.rb:21:in `call'
  actionpack (4.1.14) lib/action_dispatch/middleware/show_exceptions.rb:30:in `call'
  railties (4.1.14) lib/rails/rack/logger.rb:38:in `call_app'
  railties (4.1.14) lib/rails/rack/logger.rb:20:in `block in call'
  activesupport (4.1.14) lib/active_support/tagged_logging.rb:68:in `block in tagged'
  activesupport (4.1.14) lib/active_support/tagged_logging.rb:26:in `tagged'
  activesupport (4.1.14) lib/active_support/tagged_logging.rb:68:in `tagged'
  railties (4.1.14) lib/rails/rack/logger.rb:20:in `call'
  quiet_assets (1.1.0) lib/quiet_assets.rb:27:in `call_with_quiet_assets'
  actionpack (4.1.14) lib/action_dispatch/middleware/request_id.rb:21:in `call'
  rack (1.5.5) lib/rack/methodoverride.rb:21:in `call'
  rack (1.5.5) lib/rack/runtime.rb:17:in `call'
  activesupport (4.1.14) lib/active_support/cache/strategy/local_cache_middleware.rb:26:in `call'
  rack (1.5.5) lib/rack/lock.rb:17:in `call'
  actionpack (4.1.14) lib/action_dispatch/middleware/static.rb:84:in `call'
  rack (1.5.5) lib/rack/sendfile.rb:112:in `call'
  railties (4.1.14) lib/rails/engine.rb:514:in `call'
  railties (4.1.14) lib/rails/application.rb:144:in `call'
  rack (1.5.5) lib/rack/content_length.rb:14:in `call'
  thin (1.6.4) lib/thin/connection.rb:86:in `block in pre_process'
  thin (1.6.4) lib/thin/connection.rb:84:in `catch'
  thin (1.6.4) lib/thin/connection.rb:84:in `pre_process'
  thin (1.6.4) lib/thin/connection.rb:53:in `process'
  thin (1.6.4) lib/thin/connection.rb:39:in `receive_data'
  eventmachine (1.0.8) lib/eventmachine.rb:193:in `run_machine'
  eventmachine (1.0.8) lib/eventmachine.rb:193:in `run'
  thin (1.6.4) lib/thin/backends/base.rb:73:in `start'
  thin (1.6.4) lib/thin/server.rb:162:in `start'
  rack (1.5.5) lib/rack/handler/thin.rb:16:in `run'
  rack (1.5.5) lib/rack/server.rb:264:in `start'
  railties (4.1.14) lib/rails/commands/server.rb:69:in `start'
  railties (4.1.14) lib/rails/commands/commands_tasks.rb:81:in `block in server'
  railties (4.1.14) lib/rails/commands/commands_tasks.rb:76:in `tap'
  railties (4.1.14) lib/rails/commands/commands_tasks.rb:76:in `server'
  railties (4.1.14) lib/rails/commands/commands_tasks.rb:40:in `run_command!'
  railties (4.1.14) lib/rails/commands.rb:17:in `<top (required)>'
  script/rails:6:in `require'
  script/rails:6:in `<main>'


  Rendered /Users/jeffery/.rbenv/versions/2.1.2/lib/ruby/gems/2.1.0/gems/actionpack-4.1.14/lib/action_dispatch/middleware/templates/rescues/_trace.html.erb (0.9ms)
  Rendered /Users/jeffery/.rbenv/versions/2.1.2/lib/ruby/gems/2.1.0/gems/actionpack-4.1.14/lib/action_dispatch/middleware/templates/routes/_route.html.erb (2.8ms)
  Rendered /Users/jeffery/.rbenv/versions/2.1.2/lib/ruby/gems/2.1.0/gems/actionpack-4.1.14/lib/action_dispatch/middleware/templates/routes/_table.html.erb (0.9ms)
  Rendered /Users/jeffery/.rbenv/versions/2.1.2/lib/ruby/gems/2.1.0/gems/actionpack-4.1.14/lib/action_dispatch/middleware/templates/rescues/routing_error.html.erb within rescues/layout (44.0ms)


Started GET "/" for 127.0.0.1 at 2015-12-04 12:02:22 +1300
Processing by StaticPagesController#home as HTML
  Rendered shared/_search.html.haml (0.5ms)
  Rendered static_pages/home.html.haml within layouts/application (1.3ms)
  Rendered shared/_head.html.haml (17.1ms)
  Rendered shared/_menu.html.haml (0.5ms)
  Rendered shared/_header.html.haml (1.0ms)
  Rendered shared/_footer.html.haml (6.5ms)
Completed 200 OK in 30ms (Views: 29.6ms | ActiveRecord: 0.0ms)


Started GET "/javascripts/custom.modernizr.js" for 127.0.0.1 at 2015-12-04 12:02:22 +1300

ActionController::RoutingError (No route matches [GET] "/javascripts/custom.modernizr.js"):
  actionpack (4.1.14) lib/action_dispatch/middleware/debug_exceptions.rb:21:in `call'
  actionpack (4.1.14) lib/action_dispatch/middleware/show_exceptions.rb:30:in `call'
  railties (4.1.14) lib/rails/rack/logger.rb:38:in `call_app'
  railties (4.1.14) lib/rails/rack/logger.rb:20:in `block in call'
  activesupport (4.1.14) lib/active_support/tagged_logging.rb:68:in `block in tagged'
  activesupport (4.1.14) lib/active_support/tagged_logging.rb:26:in `tagged'
  activesupport (4.1.14) lib/active_support/tagged_logging.rb:68:in `tagged'
  railties (4.1.14) lib/rails/rack/logger.rb:20:in `call'
  quiet_assets (1.1.0) lib/quiet_assets.rb:27:in `call_with_quiet_assets'
  actionpack (4.1.14) lib/action_dispatch/middleware/request_id.rb:21:in `call'
  rack (1.5.5) lib/rack/methodoverride.rb:21:in `call'
  rack (1.5.5) lib/rack/runtime.rb:17:in `call'
  activesupport (4.1.14) lib/active_support/cache/strategy/local_cache_middleware.rb:26:in `call'
  rack (1.5.5) lib/rack/lock.rb:17:in `call'
  actionpack (4.1.14) lib/action_dispatch/middleware/static.rb:84:in `call'
  rack (1.5.5) lib/rack/sendfile.rb:112:in `call'
  railties (4.1.14) lib/rails/engine.rb:514:in `call'
  railties (4.1.14) lib/rails/application.rb:144:in `call'
  rack (1.5.5) lib/rack/content_length.rb:14:in `call'
  thin (1.6.4) lib/thin/connection.rb:86:in `block in pre_process'
  thin (1.6.4) lib/thin/connection.rb:84:in `catch'
  thin (1.6.4) lib/thin/connection.rb:84:in `pre_process'
  thin (1.6.4) lib/thin/connection.rb:53:in `process'
  thin (1.6.4) lib/thin/connection.rb:39:in `receive_data'
  eventmachine (1.0.8) lib/eventmachine.rb:193:in `run_machine'
  eventmachine (1.0.8) lib/eventmachine.rb:193:in `run'
  thin (1.6.4) lib/thin/backends/base.rb:73:in `start'
  thin (1.6.4) lib/thin/server.rb:162:in `start'
  rack (1.5.5) lib/rack/handler/thin.rb:16:in `run'
  rack (1.5.5) lib/rack/server.rb:264:in `start'
  railties (4.1.14) lib/rails/commands/server.rb:69:in `start'
  railties (4.1.14) lib/rails/commands/commands_tasks.rb:81:in `block in server'
  railties (4.1.14) lib/rails/commands/commands_tasks.rb:76:in `tap'
  railties (4.1.14) lib/rails/commands/commands_tasks.rb:76:in `server'
  railties (4.1.14) lib/rails/commands/commands_tasks.rb:40:in `run_command!'
  railties (4.1.14) lib/rails/commands.rb:17:in `<top (required)>'
  script/rails:6:in `require'
  script/rails:6:in `<main>'


  Rendered /Users/jeffery/.rbenv/versions/2.1.2/lib/ruby/gems/2.1.0/gems/actionpack-4.1.14/lib/action_dispatch/middleware/templates/rescues/_trace.html.erb (0.8ms)
  Rendered /Users/jeffery/.rbenv/versions/2.1.2/lib/ruby/gems/2.1.0/gems/actionpack-4.1.14/lib/action_dispatch/middleware/templates/routes/_route.html.erb (3.1ms)
  Rendered /Users/jeffery/.rbenv/versions/2.1.2/lib/ruby/gems/2.1.0/gems/actionpack-4.1.14/lib/action_dispatch/middleware/templates/routes/_table.html.erb (1.0ms)
  Rendered /Users/jeffery/.rbenv/versions/2.1.2/lib/ruby/gems/2.1.0/gems/actionpack-4.1.14/lib/action_dispatch/middleware/templates/rescues/routing_error.html.erb within rescues/layout (45.5ms)


Started GET "/" for 127.0.0.1 at 2015-12-04 12:03:41 +1300
Processing by StaticPagesController#home as HTML
  Rendered shared/_search.html.haml (0.5ms)
  Rendered static_pages/home.html.haml within layouts/application (1.3ms)
  Rendered shared/_head.html.haml (11.0ms)
  Rendered shared/_menu.html.haml (0.5ms)
  Rendered shared/_header.html.haml (0.9ms)
  Rendered shared/_footer.html.haml (6.3ms)
Completed 200 OK in 24ms (Views: 23.1ms | ActiveRecord: 0.0ms)


Started GET "/javascripts/javascripts/vendor/custom.modernizr.js" for 127.0.0.1 at 2015-12-04 12:03:41 +1300

ActionController::RoutingError (No route matches [GET] "/javascripts/javascripts/vendor/custom.modernizr.js"):
  actionpack (4.1.14) lib/action_dispatch/middleware/debug_exceptions.rb:21:in `call'
  actionpack (4.1.14) lib/action_dispatch/middleware/show_exceptions.rb:30:in `call'
  railties (4.1.14) lib/rails/rack/logger.rb:38:in `call_app'
  railties (4.1.14) lib/rails/rack/logger.rb:20:in `block in call'
  activesupport (4.1.14) lib/active_support/tagged_logging.rb:68:in `block in tagged'
  activesupport (4.1.14) lib/active_support/tagged_logging.rb:26:in `tagged'
  activesupport (4.1.14) lib/active_support/tagged_logging.rb:68:in `tagged'
  railties (4.1.14) lib/rails/rack/logger.rb:20:in `call'
  quiet_assets (1.1.0) lib/quiet_assets.rb:27:in `call_with_quiet_assets'
  actionpack (4.1.14) lib/action_dispatch/middleware/request_id.rb:21:in `call'
  rack (1.5.5) lib/rack/methodoverride.rb:21:in `call'
  rack (1.5.5) lib/rack/runtime.rb:17:in `call'
  activesupport (4.1.14) lib/active_support/cache/strategy/local_cache_middleware.rb:26:in `call'
  rack (1.5.5) lib/rack/lock.rb:17:in `call'
  actionpack (4.1.14) lib/action_dispatch/middleware/static.rb:84:in `call'
  rack (1.5.5) lib/rack/sendfile.rb:112:in `call'
  railties (4.1.14) lib/rails/engine.rb:514:in `call'
  railties (4.1.14) lib/rails/application.rb:144:in `call'
  rack (1.5.5) lib/rack/content_length.rb:14:in `call'
  thin (1.6.4) lib/thin/connection.rb:86:in `block in pre_process'
  thin (1.6.4) lib/thin/connection.rb:84:in `catch'
  thin (1.6.4) lib/thin/connection.rb:84:in `pre_process'
  thin (1.6.4) lib/thin/connection.rb:53:in `process'
  thin (1.6.4) lib/thin/connection.rb:39:in `receive_data'
  eventmachine (1.0.8) lib/eventmachine.rb:193:in `run_machine'
  eventmachine (1.0.8) lib/eventmachine.rb:193:in `run'
  thin (1.6.4) lib/thin/backends/base.rb:73:in `start'
  thin (1.6.4) lib/thin/server.rb:162:in `start'
  rack (1.5.5) lib/rack/handler/thin.rb:16:in `run'
  rack (1.5.5) lib/rack/server.rb:264:in `start'
  railties (4.1.14) lib/rails/commands/server.rb:69:in `start'
  railties (4.1.14) lib/rails/commands/commands_tasks.rb:81:in `block in server'
  railties (4.1.14) lib/rails/commands/commands_tasks.rb:76:in `tap'
  railties (4.1.14) lib/rails/commands/commands_tasks.rb:76:in `server'
  railties (4.1.14) lib/rails/commands/commands_tasks.rb:40:in `run_command!'
  railties (4.1.14) lib/rails/commands.rb:17:in `<top (required)>'
  script/rails:6:in `require'
  script/rails:6:in `<main>'


  Rendered /Users/jeffery/.rbenv/versions/2.1.2/lib/ruby/gems/2.1.0/gems/actionpack-4.1.14/lib/action_dispatch/middleware/templates/rescues/_trace.html.erb (0.8ms)
  Rendered /Users/jeffery/.rbenv/versions/2.1.2/lib/ruby/gems/2.1.0/gems/actionpack-4.1.14/lib/action_dispatch/middleware/templates/routes/_route.html.erb (2.7ms)
  Rendered /Users/jeffery/.rbenv/versions/2.1.2/lib/ruby/gems/2.1.0/gems/actionpack-4.1.14/lib/action_dispatch/middleware/templates/routes/_table.html.erb (0.8ms)
  Rendered /Users/jeffery/.rbenv/versions/2.1.2/lib/ruby/gems/2.1.0/gems/actionpack-4.1.14/lib/action_dispatch/middleware/templates/rescues/routing_error.html.erb within rescues/layout (43.0ms)


Started GET "/" for 127.0.0.1 at 2015-12-04 12:05:04 +1300
Processing by StaticPagesController#home as HTML
  Rendered shared/_search.html.haml (0.5ms)
  Rendered static_pages/home.html.haml within layouts/application (1.2ms)
  Rendered shared/_head.html.haml (5.4ms)
  Rendered shared/_menu.html.haml (0.7ms)
  Rendered shared/_header.html.haml (1.3ms)
  Rendered shared/_footer.html.haml (6.9ms)
Completed 200 OK in 20ms (Views: 18.8ms | ActiveRecord: 0.0ms)


Started GET "/" for 127.0.0.1 at 2015-12-04 12:05:15 +1300
Processing by StaticPagesController#home as HTML
  Rendered shared/_search.html.haml (0.5ms)
  Rendered static_pages/home.html.haml within layouts/application (1.2ms)
  Rendered shared/_head.html.haml (4.0ms)
  Rendered shared/_menu.html.haml (0.5ms)
  Rendered shared/_header.html.haml (1.1ms)
  Rendered shared/_footer.html.haml (7.2ms)
Completed 200 OK in 18ms (Views: 17.0ms | ActiveRecord: 0.0ms)


Started GET "/users/sign_in" for 127.0.0.1 at 2015-12-04 12:05:21 +1300
Processing by Devise::SessionsController#new as HTML
  Rendered devise/shared/_links.html.erb (67.7ms)
  Rendered devise/sessions/new.html.erb within layouts/application (99.0ms)
  Rendered shared/_head.html.haml (3.8ms)
  Rendered shared/_menu.html.haml (0.5ms)
  Rendered shared/_header.html.haml (1.0ms)
  Rendered shared/_footer.html.haml (6.3ms)
Completed 200 OK in 142ms (Views: 130.1ms | ActiveRecord: 1.9ms)


Started GET "/users/sign_up" for 127.0.0.1 at 2015-12-04 12:05:28 +1300
Processing by RegistrationsController#new as HTML
  Rendered devise/shared/_links.html.erb (0.2ms)
  Rendered devise/registrations/new.html.erb within layouts/application (2.7ms)
  Rendered shared/_head.html.haml (4.8ms)
  Rendered shared/_menu.html.haml (0.6ms)
  Rendered shared/_header.html.haml (1.1ms)
  Rendered shared/_footer.html.haml (6.3ms)
Completed 200 OK in 23ms (Views: 22.3ms | ActiveRecord: 0.0ms)


Started POST "/users" for 127.0.0.1 at 2015-12-04 12:05:46 +1300
Processing by RegistrationsController#create as HTML
  Parameters: {"utf8"=>"✓", "authenticity_token"=>"usu45Yg5f9wSt1DiyET1Kt5tMcfiyb1j/ZZLgRDnQlg=", "user"=>{"email"=>"nero.liang@gmail.com", "password"=>"[FILTERED]", "password_confirmation"=>"[FILTERED]"}, "commit"=>"Sign up"}
  [1m[36m (0.1ms)[0m  [1mBEGIN[0m
  [1m[35mUser Exists (0.3ms)[0m  SELECT  1 AS one FROM `users`  WHERE `users`.`email` = BINARY 'nero.liang@gmail.com' LIMIT 1
  [1m[36mSQL (0.2ms)[0m  [1mINSERT INTO `users` (`created_at`, `email`, `encrypted_password`, `updated_at`) VALUES ('2015-12-03 23:05:46', 'nero.liang@gmail.com', '$2a$10$h0zI36c0N6vhR//iPQnL2e2GW4yHWip4YhecPqkhBY/Zw.xD/s53m', '2015-12-03 23:05:46')[0m
  [1m[35m (19.4ms)[0m  COMMIT
  [1m[36m (0.1ms)[0m  [1mBEGIN[0m
  [1m[35mSQL (0.3ms)[0m  UPDATE `users` SET `current_sign_in_at` = '2015-12-03 23:05:46', `current_sign_in_ip` = '127.0.0.1', `last_sign_in_at` = '2015-12-03 23:05:46', `last_sign_in_ip` = '127.0.0.1', `sign_in_count` = 1, `updated_at` = '2015-12-03 23:05:46' WHERE `users`.`id` = 1
  [1m[36m (0.4ms)[0m  [1mCOMMIT[0m
Redirected to http://localhost:3000/projects
Completed 302 Found in 236ms (ActiveRecord: 20.8ms)


Started GET "/projects" for 127.0.0.1 at 2015-12-04 12:05:46 +1300
Processing by ProjectsController#index as HTML
  [1m[35mUser Load (0.3ms)[0m  SELECT  `users`.* FROM `users`  WHERE `users`.`id` = 1  ORDER BY `users`.`id` ASC LIMIT 1
  [1m[36mProject Load (0.3ms)[0m  [1mSELECT `projects`.* FROM `projects`  WHERE `projects`.`user_id` = 1[0m
  Rendered projects/index.html.haml within layouts/application (4.4ms)
  Rendered shared/_head.html.haml (4.5ms)
  Rendered shared/_menu.html.haml (0.5ms)
  Rendered shared/_header.html.haml (1.0ms)
  Rendered shared/_footer.html.haml (6.6ms)
Completed 200 OK in 57ms (Views: 29.2ms | ActiveRecord: 2.2ms)


Started GET "/users/sign_up" for 127.0.0.1 at 2015-12-04 12:11:49 +1300
Processing by RegistrationsController#new as HTML
  [1m[35mUser Load (0.3ms)[0m  SELECT  `users`.* FROM `users`  WHERE `users`.`id` = 1  ORDER BY `users`.`id` ASC LIMIT 1
Redirected to http://localhost:3000/projects
Filter chain halted as :require_no_authentication rendered or redirected
Completed 302 Found in 2ms (ActiveRecord: 0.3ms)


Started GET "/projects" for 127.0.0.1 at 2015-12-04 12:11:49 +1300
Processing by ProjectsController#index as HTML
  [1m[36mUser Load (0.3ms)[0m  [1mSELECT  `users`.* FROM `users`  WHERE `users`.`id` = 1  ORDER BY `users`.`id` ASC LIMIT 1[0m
  [1m[35mProject Load (0.2ms)[0m  SELECT `projects`.* FROM `projects`  WHERE `projects`.`user_id` = 1
  Rendered projects/index.html.haml within layouts/application (0.9ms)
  Rendered shared/_head.html.haml (4.1ms)
  Rendered shared/_menu.html.haml (0.4ms)
  Rendered shared/_header.html.haml (0.9ms)
  Rendered shared/_footer.html.haml (7.2ms)
Completed 200 OK in 18ms (Views: 16.4ms | ActiveRecord: 0.5ms)


Started DELETE "/users/sign_out" for 127.0.0.1 at 2015-12-04 12:11:53 +1300
Processing by Devise::SessionsController#destroy as HTML
  Parameters: {"authenticity_token"=>"usu45Yg5f9wSt1DiyET1Kt5tMcfiyb1j/ZZLgRDnQlg="}
  [1m[36mUser Load (0.3ms)[0m  [1mSELECT  `users`.* FROM `users`  WHERE `users`.`id` = 1  ORDER BY `users`.`id` ASC LIMIT 1[0m
  [1m[35m (0.2ms)[0m  BEGIN
  [1m[36m (0.1ms)[0m  [1mCOMMIT[0m
Redirected to http://localhost:3000/
Completed 302 Found in 35ms (ActiveRecord: 0.6ms)


Started GET "/" for 127.0.0.1 at 2015-12-04 12:11:53 +1300
Processing by StaticPagesController#home as HTML
  Rendered shared/_search.html.haml (0.6ms)
  Rendered static_pages/home.html.haml within layouts/application (1.4ms)
  Rendered shared/_head.html.haml (3.7ms)
  Rendered shared/_menu.html.haml (0.5ms)
  Rendered shared/_header.html.haml (1.2ms)
  Rendered shared/_footer.html.haml (6.7ms)
Completed 200 OK in 19ms (Views: 18.0ms | ActiveRecord: 0.0ms)


Started GET "/users/sign_up" for 127.0.0.1 at 2015-12-04 12:11:56 +1300
Processing by RegistrationsController#new as HTML
  Rendered devise/shared/_links.html.erb (0.2ms)
  Rendered devise/registrations/new.html.erb within layouts/application (16.7ms)
  Rendered shared/_head.html.haml (3.6ms)
  Rendered shared/_menu.html.haml (0.5ms)
  Rendered shared/_header.html.haml (0.9ms)
  Rendered shared/_footer.html.haml (9.0ms)
Completed 200 OK in 38ms (Views: 36.8ms | ActiveRecord: 0.0ms)


Started POST "/users" for 127.0.0.1 at 2015-12-04 12:12:23 +1300
Processing by RegistrationsController#create as HTML
  Parameters: {"utf8"=>"✓", "authenticity_token"=>"/sVz9/JxLdkBjVJVda+ejfVAHFQrwwd4HUFOSgSZuGU=", "user"=>{"email"=>"nero.liang@gmail.com", "password"=>"[FILTERED]", "password_confirmation"=>"[FILTERED]"}, "token_request"=>{"email_confirmation"=>""}, "commit"=>"Sign up"}
  [1m[35m (0.4ms)[0m  BEGIN
  [1m[36mUser Exists (0.4ms)[0m  [1mSELECT  1 AS one FROM `users`  WHERE `users`.`email` = BINARY 'nero.liang@gmail.com' LIMIT 1[0m
  [1m[35m (0.2ms)[0m  ROLLBACK
  Rendered devise/shared/_links.html.erb (0.2ms)
  Rendered devise/registrations/new.html.erb within layouts/application (5.1ms)
  Rendered shared/_head.html.haml (4.2ms)
  Rendered shared/_menu.html.haml (1.5ms)
  Rendered shared/_header.html.haml (2.8ms)
  Rendered shared/_footer.html.haml (8.4ms)
Completed 200 OK in 41ms (Views: 30.5ms | ActiveRecord: 1.0ms)


Started GET "/users/sign_up" for 127.0.0.1 at 2015-12-04 12:15:09 +1300
Processing by RegistrationsController#new as HTML
  Rendered devise/shared/_links.html.erb (0.3ms)
  Rendered devise/registrations/new.html.erb within layouts/application (5.6ms)
  Rendered shared/_head.html.haml (4.9ms)
  Rendered shared/_menu.html.haml (0.7ms)
  Rendered shared/_header.html.haml (1.3ms)
  Rendered shared/_footer.html.haml (8.3ms)
Completed 200 OK in 28ms (Views: 27.1ms | ActiveRecord: 0.0ms)


Started GET "/users/sign_up" for 127.0.0.1 at 2015-12-04 12:20:54 +1300
Processing by RegistrationsController#new as HTML
  Rendered devise/shared/_links.html.erb (0.2ms)
  Rendered devise/registrations/new.html.erb within layouts/application (5.1ms)
  Rendered shared/_head.html.haml (4.0ms)
  Rendered shared/_menu.html.haml (0.5ms)
  Rendered shared/_header.html.haml (1.0ms)
  Rendered shared/_footer.html.haml (6.4ms)
Completed 200 OK in 24ms (Views: 23.2ms | ActiveRecord: 0.0ms)


Started GET "/users/sign_up" for 127.0.0.1 at 2015-12-04 12:24:02 +1300
Processing by RegistrationsController#new as HTML
  Rendered devise/shared/_links.html.erb (0.2ms)
  Rendered devise/registrations/new.html.erb within layouts/application (4.5ms)
  Rendered shared/_head.html.haml (4.2ms)
  Rendered shared/_menu.html.haml (0.5ms)
  Rendered shared/_header.html.haml (1.0ms)
  Rendered shared/_footer.html.haml (6.3ms)
Completed 200 OK in 23ms (Views: 22.1ms | ActiveRecord: 0.0ms)


Started GET "/users/sign_up" for 127.0.0.1 at 2015-12-04 12:25:00 +1300
Processing by RegistrationsController#new as HTML
  Rendered devise/shared/_links.html.erb (0.2ms)
  Rendered devise/registrations/new.html.erb within layouts/application (5.6ms)
  Rendered shared/_head.html.haml (3.8ms)
  Rendered shared/_menu.html.haml (0.6ms)
  Rendered shared/_header.html.haml (1.1ms)
  Rendered shared/_footer.html.haml (108.9ms)
Completed 200 OK in 127ms (Views: 126.1ms | ActiveRecord: 0.0ms)


Started GET "/users/sign_up" for 127.0.0.1 at 2015-12-04 12:27:11 +1300
Processing by RegistrationsController#new as HTML
  Rendered devise/shared/_links.html.erb (0.2ms)
  Rendered devise/registrations/new.html.erb within layouts/application (5.1ms)
  Rendered shared/_head.html.haml (4.1ms)
  Rendered shared/_menu.html.haml (0.6ms)
  Rendered shared/_header.html.haml (1.1ms)
  Rendered shared/_footer.html.haml (7.3ms)
Completed 200 OK in 25ms (Views: 24.3ms | ActiveRecord: 0.0ms)
DEPRECATION WARNING: You didn't set `secret_key_base`. Read the upgrade documentation to learn more about this new config option. (called from require at script/rails:6)


Started GET "/" for 127.0.0.1 at 2015-12-04 12:56:45 +1300
Processing by StaticPagesController#home as HTML
  Rendered shared/_search.html.haml (1.9ms)
  Rendered static_pages/home.html.haml within layouts/application (79.4ms)
  Rendered shared/_head.html.haml (75.8ms)
  Rendered shared/_menu.html.haml (3.4ms)
  Rendered shared/_header.html.haml (4.9ms)
  Rendered shared/_footer.html.haml (106.9ms)
Completed 200 OK in 304ms (Views: 303.3ms | ActiveRecord: 0.0ms)
